2025-01-22 21:03:38,462 - INFO - 日志系统已初始化。
2025-01-22 21:03:38,462 - INFO - 配置文件已加载。
2025-01-22 21:03:38,532 - INFO - StorageManager初始化 - 基础路径: /Users/hiranokaoru/PycharmProjects/begleiter_maintain/src
2025-01-22 21:03:38,532 - INFO - 存储管理器配置已加载。
2025-01-22 21:03:38,533 - INFO - 已加载字体: /System/Library/Fonts/Supplemental/Arial.ttf，字体大小: 100
2025-01-22 21:03:38,616 - INFO - 用户操作记录器已启动。
2025-01-22 21:03:40,409 - INFO - 用户选择允许截屏
2025-01-22 21:03:40,789 - INFO - 截屏权限已授予。
2025-01-22 21:03:40,790 - INFO - StorageManager - 创建会话文件夹: /Users/hiranokaoru/PycharmProjects/begleiter_maintain/src/records/2025-01-22_21-03-40
2025-01-22 21:03:41,651 - INFO - 压缩图片: /Users/hiranokaoru/PycharmProjects/begleiter_maintain/src/records/2025-01-22_21-03-40/screenshots/original/screenshot_2025-01-22_21-03-41_131016_no_info.jpg，大小: 431.17KB，质量: 5
2025-01-22 21:03:42,196 - INFO - 压缩图片: /Users/hiranokaoru/PycharmProjects/begleiter_maintain/src/records/2025-01-22_21-03-40/screenshots/annotated/screenshot_2025-01-22_21-03-41_131016_with_info.jpg，大小: 438.69KB，质量: 5
2025-01-22 21:03:42,197 - INFO - 已保存无信息截图: records/2025-01-22_21-03-40/screenshots/original/screenshot_2025-01-22_21-03-41_131016_no_info.jpg
2025-01-22 21:03:42,198 - INFO - 已保存有信息截图: records/2025-01-22_21-03-40/screenshots/annotated/screenshot_2025-01-22_21-03-41_131016_with_info.jpg
2025-01-22 21:03:42,207 - INFO - 记录事件并保存截图: {'timestamp': 1737551022.206935, 'action_type': 'mouse_click', 'action_content': {'position': {'x': 1404.12890625, 'y': 790.1796875, 'max_x': 3008, 'max_y': 1692}, 'button': 'Button.left.press', 'delta': None, 'key': None}, 'active_app': 'pycharm', 'screenshots_path': 'records/2025-01-22_21-03-40/screenshots/original/screenshot_2025-01-22_21-03-41_131016_no_info.jpg', 'mouse_position': {'x': 1404.12890625, 'y': 790.1796875, 'max_x': 3008, 'max_y': 1692}}
2025-01-22 21:03:42,269 - INFO - 启动截屏定时器，每20秒进行一次截屏。
2025-01-22 21:03:43,545 - INFO - 压缩图片: /Users/hiranokaoru/PycharmProjects/begleiter_maintain/src/records/2025-01-22_21-03-40/screenshots/original/screenshot_2025-01-22_21-03-43_020849_no_info.jpg，大小: 430.29KB，质量: 5
2025-01-22 21:03:44,091 - INFO - 压缩图片: /Users/hiranokaoru/PycharmProjects/begleiter_maintain/src/records/2025-01-22_21-03-40/screenshots/annotated/screenshot_2025-01-22_21-03-43_020849_with_info.jpg，大小: 438.42KB，质量: 5
2025-01-22 21:03:44,092 - INFO - 已保存无信息截图: records/2025-01-22_21-03-40/screenshots/original/screenshot_2025-01-22_21-03-43_020849_no_info.jpg
2025-01-22 21:03:44,092 - INFO - 已保存有信息截图: records/2025-01-22_21-03-40/screenshots/annotated/screenshot_2025-01-22_21-03-43_020849_with_info.jpg
2025-01-22 21:03:44,102 - INFO - 记录事件并保存截图: {'timestamp': 1737551024.10203, 'action_type': 'mouse_click', 'action_content': {'position': {'x': 1404.12890625, 'y': 790.1796875, 'max_x': 3008, 'max_y': 1692}, 'button': 'Button.left.release', 'delta': None, 'key': None}, 'active_app': 'pycharm', 'screenshots_path': 'records/2025-01-22_21-03-40/screenshots/original/screenshot_2025-01-22_21-03-43_020849_no_info.jpg', 'mouse_position': {'x': 1404.12890625, 'y': 790.1796875, 'max_x': 3008, 'max_y': 1692}}
2025-01-22 21:03:46,509 - INFO - 压缩图片: /Users/hiranokaoru/PycharmProjects/begleiter_maintain/src/records/2025-01-22_21-03-40/screenshots/original/screenshot_2025-01-22_21-03-45_874324_no_info.jpg，大小: 408.67KB，质量: 5
2025-01-22 21:03:47,175 - INFO - 压缩图片: /Users/hiranokaoru/PycharmProjects/begleiter_maintain/src/records/2025-01-22_21-03-40/screenshots/annotated/screenshot_2025-01-22_21-03-45_874324_with_info.jpg，大小: 417.06KB，质量: 5
2025-01-22 21:03:47,176 - INFO - 已保存无信息截图: records/2025-01-22_21-03-40/screenshots/original/screenshot_2025-01-22_21-03-45_874324_no_info.jpg
2025-01-22 21:03:47,176 - INFO - 已保存有信息截图: records/2025-01-22_21-03-40/screenshots/annotated/screenshot_2025-01-22_21-03-45_874324_with_info.jpg
2025-01-22 21:03:47,187 - INFO - 记录事件并保存截图: {'timestamp': 1737551027.187083, 'action_type': 'mouse_click', 'action_content': {'position': {'x': 1626.10546875, 'y': 871.8125, 'max_x': 3008, 'max_y': 1692}, 'button': 'Button.left.press', 'delta': None, 'key': None}, 'active_app': 'Finder', 'screenshots_path': 'records/2025-01-22_21-03-40/screenshots/original/screenshot_2025-01-22_21-03-45_874324_no_info.jpg', 'mouse_position': {'x': 1626.10546875, 'y': 871.8125, 'max_x': 3008, 'max_y': 1692}}
2025-01-22 21:03:48,570 - INFO - 压缩图片: /Users/hiranokaoru/PycharmProjects/begleiter_maintain/src/records/2025-01-22_21-03-40/screenshots/original/screenshot_2025-01-22_21-03-48_036606_no_info.jpg，大小: 426.93KB，质量: 5
2025-01-22 21:03:49,113 - INFO - 压缩图片: /Users/hiranokaoru/PycharmProjects/begleiter_maintain/src/records/2025-01-22_21-03-40/screenshots/annotated/screenshot_2025-01-22_21-03-48_036606_with_info.jpg，大小: 434.31KB，质量: 5
2025-01-22 21:03:49,114 - INFO - 已保存无信息截图: records/2025-01-22_21-03-40/screenshots/original/screenshot_2025-01-22_21-03-48_036606_no_info.jpg
2025-01-22 21:03:49,114 - INFO - 已保存有信息截图: records/2025-01-22_21-03-40/screenshots/annotated/screenshot_2025-01-22_21-03-48_036606_with_info.jpg
2025-01-22 21:03:49,123 - INFO - 记录事件并保存截图: {'timestamp': 1737551029.123189, 'action_type': 'mouse_click', 'action_content': {'position': {'x': 1626.10546875, 'y': 871.8125, 'max_x': 3008, 'max_y': 1692}, 'button': 'Button.left.release', 'delta': None, 'key': None}, 'active_app': 'Finder', 'screenshots_path': 'records/2025-01-22_21-03-40/screenshots/original/screenshot_2025-01-22_21-03-48_036606_no_info.jpg', 'mouse_position': {'x': 1626.10546875, 'y': 871.8125, 'max_x': 3008, 'max_y': 1692}}
2025-01-22 21:03:50,706 - INFO - 压缩图片: /Users/hiranokaoru/PycharmProjects/begleiter_maintain/src/records/2025-01-22_21-03-40/screenshots/original/screenshot_2025-01-22_21-03-50_102130_no_info.jpg，大小: 437.53KB，质量: 5
2025-01-22 21:03:51,263 - INFO - 压缩图片: /Users/hiranokaoru/PycharmProjects/begleiter_maintain/src/records/2025-01-22_21-03-40/screenshots/annotated/screenshot_2025-01-22_21-03-50_102130_with_info.jpg，大小: 445.52KB，质量: 5
2025-01-22 21:03:51,264 - INFO - 已保存无信息截图: records/2025-01-22_21-03-40/screenshots/original/screenshot_2025-01-22_21-03-50_102130_no_info.jpg
2025-01-22 21:03:51,264 - INFO - 已保存有信息截图: records/2025-01-22_21-03-40/screenshots/annotated/screenshot_2025-01-22_21-03-50_102130_with_info.jpg
2025-01-22 21:03:51,274 - INFO - 记录事件并保存截图: {'timestamp': 1737551031.273896, 'action_type': 'mouse_click', 'action_content': {'position': {'x': 627.7734375, 'y': 1566.09765625, 'max_x': 3008, 'max_y': 1692}, 'button': 'Button.left.press', 'delta': None, 'key': None}, 'active_app': 'pycharm', 'screenshots_path': 'records/2025-01-22_21-03-40/screenshots/original/screenshot_2025-01-22_21-03-50_102130_no_info.jpg', 'mouse_position': {'x': 627.7734375, 'y': 1566.09765625, 'max_x': 3008, 'max_y': 1692}}
2025-01-22 21:03:52,627 - INFO - 压缩图片: /Users/hiranokaoru/PycharmProjects/begleiter_maintain/src/records/2025-01-22_21-03-40/screenshots/original/screenshot_2025-01-22_21-03-52_094075_no_info.jpg，大小: 437.57KB，质量: 5
2025-01-22 21:03:53,180 - INFO - 压缩图片: /Users/hiranokaoru/PycharmProjects/begleiter_maintain/src/records/2025-01-22_21-03-40/screenshots/annotated/screenshot_2025-01-22_21-03-52_094075_with_info.jpg，大小: 445.89KB，质量: 5
2025-01-22 21:03:53,181 - INFO - 已保存无信息截图: records/2025-01-22_21-03-40/screenshots/original/screenshot_2025-01-22_21-03-52_094075_no_info.jpg
2025-01-22 21:03:53,181 - INFO - 已保存有信息截图: records/2025-01-22_21-03-40/screenshots/annotated/screenshot_2025-01-22_21-03-52_094075_with_info.jpg
2025-01-22 21:03:53,191 - INFO - 记录事件并保存截图: {'timestamp': 1737551033.1912131, 'action_type': 'mouse_click', 'action_content': {'position': {'x': 627.7734375, 'y': 1566.09765625, 'max_x': 3008, 'max_y': 1692}, 'button': 'Button.left.release', 'delta': None, 'key': None}, 'active_app': 'pycharm', 'screenshots_path': 'records/2025-01-22_21-03-40/screenshots/original/screenshot_2025-01-22_21-03-52_094075_no_info.jpg', 'mouse_position': {'x': 627.7734375, 'y': 1566.09765625, 'max_x': 3008, 'max_y': 1692}}
2025-01-22 21:03:58,366 - INFO - 压缩图片: /Users/hiranokaoru/PycharmProjects/begleiter_maintain/src/records/2025-01-22_21-03-40/screenshots/original/screenshot_2025-01-22_21-03-57_844587_no_info.jpg，大小: 433.81KB，质量: 5
2025-01-22 21:03:58,912 - INFO - 压缩图片: /Users/hiranokaoru/PycharmProjects/begleiter_maintain/src/records/2025-01-22_21-03-40/screenshots/annotated/screenshot_2025-01-22_21-03-57_844587_with_info.jpg，大小: 441.43KB，质量: 5
2025-01-22 21:03:58,913 - INFO - 已保存无信息截图: records/2025-01-22_21-03-40/screenshots/original/screenshot_2025-01-22_21-03-57_844587_no_info.jpg
2025-01-22 21:03:58,913 - INFO - 已保存有信息截图: records/2025-01-22_21-03-40/screenshots/annotated/screenshot_2025-01-22_21-03-57_844587_with_info.jpg
2025-01-22 21:03:58,922 - INFO - 记录事件并保存截图: {'timestamp': 1737551038.9223099, 'action_type': 'mouse_scroll', 'action_content': {'position': {'x': 1240.56640625, 'y': 1355.5703125, 'max_x': 3008, 'max_y': 1692}, 'button': None, 'delta': {'dx': 0, 'dy': -47}, 'key': None}, 'active_app': 'pycharm', 'screenshots_path': 'records/2025-01-22_21-03-40/screenshots/original/screenshot_2025-01-22_21-03-57_844587_no_info.jpg', 'mouse_position': {'x': 1240.56640625, 'y': 1355.5703125, 'max_x': 3008, 'max_y': 1692}}
2025-01-22 21:04:02,820 - INFO - 压缩图片: /Users/hiranokaoru/PycharmProjects/begleiter_maintain/src/records/2025-01-22_21-03-40/screenshots/original/screenshot_21-04-01_no_info.jpg，大小: 433.70KB，质量: 5
2025-01-22 21:04:03,238 - INFO - 压缩图片: /Users/hiranokaoru/PycharmProjects/begleiter_maintain/src/records/2025-01-22_21-03-40/screenshots/original/screenshot_2025-01-22_21-04-02_714400_no_info.jpg，大小: 433.68KB，质量: 5
2025-01-22 21:04:03,370 - INFO - 压缩图片: /Users/hiranokaoru/PycharmProjects/begleiter_maintain/src/records/2025-01-22_21-03-40/screenshots/annotated/screenshot_21-04-01_with_info.jpg，大小: 433.70KB，质量: 5
2025-01-22 21:04:03,371 - INFO - 已保存无信息截图: records/2025-01-22_21-03-40/screenshots/original/screenshot_21-04-01_no_info.jpg
2025-01-22 21:04:03,371 - INFO - 已保存有信息截图: records/2025-01-22_21-03-40/screenshots/annotated/screenshot_21-04-01_with_info.jpg
2025-01-22 21:04:03,377 - INFO - 已保存截图: screenshot_2025-01-22_21-04-01.png
2025-01-22 21:04:03,811 - INFO - 压缩图片: /Users/hiranokaoru/PycharmProjects/begleiter_maintain/src/records/2025-01-22_21-03-40/screenshots/annotated/screenshot_2025-01-22_21-04-02_714400_with_info.jpg，大小: 441.47KB，质量: 5
2025-01-22 21:04:03,813 - INFO - 已保存无信息截图: records/2025-01-22_21-03-40/screenshots/original/screenshot_2025-01-22_21-04-02_714400_no_info.jpg
2025-01-22 21:04:03,813 - INFO - 已保存有信息截图: records/2025-01-22_21-03-40/screenshots/annotated/screenshot_2025-01-22_21-04-02_714400_with_info.jpg
2025-01-22 21:04:03,825 - INFO - 记录事件并保存截图: {'timestamp': 1737551043.8248808, 'action_type': 'mouse_click', 'action_content': {'position': {'x': 2292.2265625, 'y': 38.64453125, 'max_x': 3008, 'max_y': 1692}, 'button': 'Button.left.press', 'delta': None, 'key': None}, 'active_app': 'pycharm', 'screenshots_path': 'records/2025-01-22_21-03-40/screenshots/original/screenshot_2025-01-22_21-04-02_714400_no_info.jpg', 'mouse_position': {'x': 2292.2265625, 'y': 38.64453125, 'max_x': 3008, 'max_y': 1692}}
2025-01-22 21:04:05,180 - INFO - 压缩图片: /Users/hiranokaoru/PycharmProjects/begleiter_maintain/src/records/2025-01-22_21-03-40/screenshots/original/screenshot_2025-01-22_21-04-04_647555_no_info.jpg，大小: 434.13KB，质量: 5
2025-01-22 21:04:05,728 - INFO - 压缩图片: /Users/hiranokaoru/PycharmProjects/begleiter_maintain/src/records/2025-01-22_21-03-40/screenshots/annotated/screenshot_2025-01-22_21-04-04_647555_with_info.jpg，大小: 442.21KB，质量: 5
2025-01-22 21:04:05,729 - INFO - 已保存无信息截图: records/2025-01-22_21-03-40/screenshots/original/screenshot_2025-01-22_21-04-04_647555_no_info.jpg
2025-01-22 21:04:05,729 - INFO - 已保存有信息截图: records/2025-01-22_21-03-40/screenshots/annotated/screenshot_2025-01-22_21-04-04_647555_with_info.jpg
2025-01-22 21:04:05,739 - INFO - 记录事件并保存截图: {'timestamp': 1737551045.7388082, 'action_type': 'mouse_click', 'action_content': {'position': {'x': 2292.2265625, 'y': 38.64453125, 'max_x': 3008, 'max_y': 1692}, 'button': 'Button.left.release', 'delta': None, 'key': None}, 'active_app': 'python3.12', 'screenshots_path': 'records/2025-01-22_21-03-40/screenshots/original/screenshot_2025-01-22_21-04-04_647555_no_info.jpg', 'mouse_position': {'x': 2292.2265625, 'y': 38.64453125, 'max_x': 3008, 'max_y': 1692}}
2025-01-22 21:04:07,755 - INFO - 用户点击'停止记录并关闭'按钮
2025-01-22 21:04:07,768 - INFO - 定时器已停止
2025-01-22 21:04:07,768 - INFO - 准备停止动作记录线程
2025-01-22 21:04:07,768 - INFO - 用户操作记录器已停止。
2025-01-22 21:04:07,769 - INFO - ActionRecorderThread 已成功停止。
2025-01-22 21:04:07,769 - INFO - 动作记录线程已停止
2025-01-22 21:04:07,769 - INFO - 准备启动处理会话线程
2025-01-22 21:04:07,769 - INFO - 开始处理会话文件夹: /Users/hiranokaoru/PycharmProjects/begleiter_maintain/src/records/2025-01-22_21-03-40
2025-01-22 21:04:07,769 - INFO - 计划生成的ZIP文件路径: /Users/hiranokaoru/PycharmProjects/begleiter_maintain/src/records/2025-01-22_21-03-40/session_20250122_210407.zip
2025-01-22 21:04:07,769 - INFO - 计划生成的加密文件路径: /Users/hiranokaoru/PycharmProjects/begleiter_maintain/src/records/2025-01-22_21-03-40/session_20250122_210407.zip.enc
2025-01-22 21:04:07,769 - INFO - 开始压缩文件夹 - 源文件夹: /Users/hiranokaoru/PycharmProjects/begleiter_maintain/src/records/2025-01-22_21-03-40
2025-01-22 21:04:07,769 - INFO - ZIP文件将保存至: /Users/hiranokaoru/PycharmProjects/begleiter_maintain/src/records/2025-01-22_21-03-40/session_20250122_210407.zip
2025-01-22 21:04:07,770 - INFO - 正在处理子目录: /Users/hiranokaoru/PycharmProjects/begleiter_maintain/src/records/2025-01-22_21-03-40
2025-01-22 21:04:07,770 - INFO - 发现文件数量: 0
2025-01-22 21:04:07,770 - INFO - 正在处理子目录: /Users/hiranokaoru/PycharmProjects/begleiter_maintain/src/records/2025-01-22_21-03-40/screenshots
2025-01-22 21:04:07,770 - INFO - 发现文件数量: 0
2025-01-22 21:04:07,770 - INFO - 正在处理子目录: /Users/hiranokaoru/PycharmProjects/begleiter_maintain/src/records/2025-01-22_21-03-40/screenshots/annotated
2025-01-22 21:04:07,770 - INFO - 发现文件数量: 10
2025-01-22 21:04:07,782 - INFO - 已添加文件: 2025-01-22_21-03-40/screenshots/annotated/screenshot_21-04-01_with_info.jpg
2025-01-22 21:04:07,792 - INFO - 已添加文件: 2025-01-22_21-03-40/screenshots/annotated/screenshot_2025-01-22_21-03-41_131016_with_info.jpg
2025-01-22 21:04:07,801 - INFO - 已添加文件: 2025-01-22_21-03-40/screenshots/annotated/screenshot_2025-01-22_21-03-52_094075_with_info.jpg
2025-01-22 21:04:07,809 - INFO - 已添加文件: 2025-01-22_21-03-40/screenshots/annotated/screenshot_2025-01-22_21-03-50_102130_with_info.jpg
2025-01-22 21:04:07,816 - INFO - 已添加文件: 2025-01-22_21-03-40/screenshots/annotated/screenshot_2025-01-22_21-03-48_036606_with_info.jpg
2025-01-22 21:04:07,830 - INFO - 已添加文件: 2025-01-22_21-03-40/screenshots/annotated/screenshot_2025-01-22_21-03-45_874324_with_info.jpg
2025-01-22 21:04:07,836 - INFO - 已添加文件: 2025-01-22_21-03-40/screenshots/annotated/screenshot_2025-01-22_21-04-04_647555_with_info.jpg
2025-01-22 21:04:07,842 - INFO - 已添加文件: 2025-01-22_21-03-40/screenshots/annotated/screenshot_2025-01-22_21-03-43_020849_with_info.jpg
2025-01-22 21:04:07,848 - INFO - 已添加文件: 2025-01-22_21-03-40/screenshots/annotated/screenshot_2025-01-22_21-03-57_844587_with_info.jpg
2025-01-22 21:04:07,854 - INFO - 已添加文件: 2025-01-22_21-03-40/screenshots/annotated/screenshot_2025-01-22_21-04-02_714400_with_info.jpg
2025-01-22 21:04:07,854 - INFO - 正在处理子目录: /Users/hiranokaoru/PycharmProjects/begleiter_maintain/src/records/2025-01-22_21-03-40/screenshots/original
2025-01-22 21:04:07,854 - INFO - 发现文件数量: 10
2025-01-22 21:04:07,860 - INFO - 已添加文件: 2025-01-22_21-03-40/screenshots/original/screenshot_2025-01-22_21-03-52_094075_no_info.jpg
2025-01-22 21:04:07,865 - INFO - 已添加文件: 2025-01-22_21-03-40/screenshots/original/screenshot_21-04-01_no_info.jpg
2025-01-22 21:04:07,870 - INFO - 已添加文件: 2025-01-22_21-03-40/screenshots/original/screenshot_2025-01-22_21-04-02_714400_no_info.jpg
2025-01-22 21:04:07,885 - INFO - 已添加文件: 2025-01-22_21-03-40/screenshots/original/screenshot_2025-01-22_21-03-45_874324_no_info.jpg
2025-01-22 21:04:07,891 - INFO - 已添加文件: 2025-01-22_21-03-40/screenshots/original/screenshot_2025-01-22_21-03-43_020849_no_info.jpg
2025-01-22 21:04:07,896 - INFO - 已添加文件: 2025-01-22_21-03-40/screenshots/original/screenshot_2025-01-22_21-04-04_647555_no_info.jpg
2025-01-22 21:04:07,902 - INFO - 已添加文件: 2025-01-22_21-03-40/screenshots/original/screenshot_2025-01-22_21-03-41_131016_no_info.jpg
2025-01-22 21:04:07,908 - INFO - 已添加文件: 2025-01-22_21-03-40/screenshots/original/screenshot_2025-01-22_21-03-48_036606_no_info.jpg
2025-01-22 21:04:07,914 - INFO - 已添加文件: 2025-01-22_21-03-40/screenshots/original/screenshot_2025-01-22_21-03-50_102130_no_info.jpg
2025-01-22 21:04:07,919 - INFO - 已添加文件: 2025-01-22_21-03-40/screenshots/original/screenshot_2025-01-22_21-03-57_844587_no_info.jpg
2025-01-22 21:04:07,919 - INFO - 正在处理子目录: /Users/hiranokaoru/PycharmProjects/begleiter_maintain/src/records/2025-01-22_21-03-40/log
2025-01-22 21:04:07,919 - INFO - 发现文件数量: 1
2025-01-22 21:04:07,920 - INFO - 已添加文件: 2025-01-22_21-03-40/log/user_actions_real_time_20250122_210338_540676.jsonl
2025-01-22 21:04:07,920 - INFO - 压缩完成 - 文件数: 21, ZIP大小: 3.30MB
2025-01-22 21:04:07,920 - INFO - 开始加密ZIP文件
2025-01-22 21:04:07,920 - INFO - 开始加密文件 - 源文件: /Users/hiranokaoru/PycharmProjects/begleiter_maintain/src/records/2025-01-22_21-03-40/session_20250122_210407.zip
2025-01-22 21:04:07,920 - INFO - 加密文件将保存至: /Users/hiranokaoru/PycharmProjects/begleiter_maintain/src/records/2025-01-22_21-03-40/session_20250122_210407.zip.enc
2025-01-22 21:04:07,920 - INFO - 源文件大小: 3.30MB
2025-01-22 21:04:07,920 - INFO - 已读取源文件，准备加密
2025-01-22 21:04:07,930 - INFO - 加密完成 - 加密后文件大小: 3.30MB
2025-01-22 21:04:07,930 - INFO - 开始上传加密文件
2025-01-22 21:04:09,097 - INFO - 压缩图片: /Users/hiranokaoru/PycharmProjects/begleiter_maintain/src/records/2025-01-22_21-03-40/screenshots/original/screenshot_2025-01-22_21-04-08_569331_no_info.jpg，大小: 437.25KB，质量: 5
2025-01-22 21:04:09,646 - INFO - 压缩图片: /Users/hiranokaoru/PycharmProjects/begleiter_maintain/src/records/2025-01-22_21-03-40/screenshots/annotated/screenshot_2025-01-22_21-04-08_569331_with_info.jpg，大小: 444.64KB，质量: 5
2025-01-22 21:04:09,647 - INFO - 已保存无信息截图: records/2025-01-22_21-03-40/screenshots/original/screenshot_2025-01-22_21-04-08_569331_no_info.jpg
2025-01-22 21:04:09,647 - INFO - 已保存有信息截图: records/2025-01-22_21-03-40/screenshots/annotated/screenshot_2025-01-22_21-04-08_569331_with_info.jpg
2025-01-22 21:04:09,656 - INFO - 记录事件并保存截图: {'timestamp': 1737551049.6567638, 'action_type': 'mouse_click', 'action_content': {'position': {'x': 1534.5625, 'y': 887.046875, 'max_x': 3008, 'max_y': 1692}, 'button': 'Button.left.release', 'delta': None, 'key': None}, 'active_app': 'python3.12', 'screenshots_path': 'records/2025-01-22_21-03-40/screenshots/original/screenshot_2025-01-22_21-04-08_569331_no_info.jpg', 'mouse_position': {'x': 1534.5625, 'y': 887.046875, 'max_x': 3008, 'max_y': 1692}}
2025-01-22 21:04:29,899 - INFO - 成功: 文件已上传到 lllijuih/AGENTC/2025-01-22_21-04-07.zip.enc
2025-01-22 21:04:29,900 - INFO - 会话处理完成 - 文件夹: /Users/hiranokaoru/PycharmProjects/begleiter_maintain/src/records/2025-01-22_21-03-40
2025-01-22 21:04:29,900 - INFO - 会话处理完成，准备退出。
2025-01-22 21:04:29,900 - INFO - 会话处理完成，程序将退出。
2025-01-22 21:04:32,537 - INFO - 会话处理完成，准备退出。
2025-01-22 21:04:32,538 - INFO - 应用程序已正常退出。
